<?xml version="1.0" encoding="UTF-8"?>
<!-- Generated by org.testng.reporters.JUnitReportReporter -->
<testsuite skipped="0" hostname="LAPTOP-5HL70CFF" name="com.demobanking.testcase.Login_Test" tests="1" failures="0" timestamp="2022-09-23T22:52:38 EDT" time="3.204" errors="0">
  <testcase name="TC001_user_login_with_valid_credential" time="3.204" classname="com.demobanking.testcase.Login_Test"/>
  <system-out/>
</testsuite> <!-- com.demobanking.testcase.Login_Test -->
